[INFO ] 2025-03-01 14:37:41.676 [TestNG-method=testCreateUser-1] petStoreAutomation - Create User executed
[INFO ] 2025-03-01 14:37:42.313 [TestNG-method=testGetUser-1] petStoreAutomation - Get User executed
[WARN ] 2025-03-01 14:37:44.087 [TestNG-method=testDeleteUser-1] petStoreAutomation - User will deleted
[INFO ] 2025-03-01 14:37:44.742 [TestNG-method=testCreateUser-1] petStoreAutomation - Create User executed
[INFO ] 2025-03-01 14:37:45.333 [TestNG-method=testCreateUser-1] petStoreAutomation - Create User executed
[INFO ] 2025-03-01 14:37:45.953 [TestNG-method=testCreateUser-1] petStoreAutomation - Create User executed
[INFO ] 2025-03-01 14:37:46.535 [TestNG-method=testCreateUser-1] petStoreAutomation - Create User executed
[INFO ] 2025-03-01 14:37:47.158 [TestNG-method=testCreateUser-1] petStoreAutomation - Create User executed
[INFO ] 2025-03-01 14:37:47.742 [TestNG-method=testCreateUser-1] petStoreAutomation - Create User executed
[INFO ] 2025-03-01 14:37:48.364 [TestNG-method=testCreateUser-1] petStoreAutomation - Create User executed
[INFO ] 2025-03-01 14:37:48.954 [TestNG-method=testCreateUser-1] petStoreAutomation - Create User executed
[INFO ] 2025-03-01 14:37:49.635 [TestNG-method=testCreateUser-1] petStoreAutomation - Create User executed
[INFO ] 2025-03-01 14:37:50.516 [TestNG-method=testGetUser-1] petStoreAutomation - Get User executed
[INFO ] 2025-03-01 14:37:52.212 [TestNG-method=testGetUser-1] petStoreAutomation - Get User executed
[INFO ] 2025-03-01 14:37:53.058 [TestNG-method=testGetUser-1] petStoreAutomation - Get User executed
[INFO ] 2025-03-01 14:37:53.639 [TestNG-method=testGetUser-1] petStoreAutomation - Get User executed
[INFO ] 2025-03-01 14:37:54.222 [TestNG-method=testGetUser-1] petStoreAutomation - Get User executed
[INFO ] 2025-03-01 14:37:54.799 [TestNG-method=testGetUser-1] petStoreAutomation - Get User executed
[INFO ] 2025-03-01 14:37:55.414 [TestNG-method=testGetUser-1] petStoreAutomation - Get User executed
[INFO ] 2025-03-01 14:37:55.998 [TestNG-method=testGetUser-1] petStoreAutomation - Get User executed
[INFO ] 2025-03-01 14:37:56.576 [TestNG-method=testGetUser-1] petStoreAutomation - Get User executed
[INFO ] 2025-03-01 14:37:57.161 [TestNG-method=testUpdateUser-1] petStoreAutomation - Update User executed
[INFO ] 2025-03-01 14:37:57.775 [TestNG-method=testUpdateUser-1] petStoreAutomation - Update User executed
[INFO ] 2025-03-01 14:37:58.358 [TestNG-method=testUpdateUser-1] petStoreAutomation - Update User executed
[INFO ] 2025-03-01 14:37:58.943 [TestNG-method=testUpdateUser-1] petStoreAutomation - Update User executed
[INFO ] 2025-03-01 14:37:59.532 [TestNG-method=testUpdateUser-1] petStoreAutomation - Update User executed
[INFO ] 2025-03-01 14:38:00.119 [TestNG-method=testUpdateUser-1] petStoreAutomation - Update User executed
[INFO ] 2025-03-01 14:38:00.701 [TestNG-method=testUpdateUser-1] petStoreAutomation - Update User executed
[INFO ] 2025-03-01 14:38:01.322 [TestNG-method=testUpdateUser-1] petStoreAutomation - Update User executed
[INFO ] 2025-03-01 14:38:01.912 [TestNG-method=testUpdateUser-1] petStoreAutomation - Update User executed
[WARN ] 2025-03-01 14:38:02.493 [TestNG-method=testDeleteUser-1] petStoreAutomation - User will deleted
[WARN ] 2025-03-01 14:38:03.072 [TestNG-method=testDeleteUser-1] petStoreAutomation - User will deleted
[WARN ] 2025-03-01 14:38:03.680 [TestNG-method=testDeleteUser-1] petStoreAutomation - User will deleted
[WARN ] 2025-03-01 14:38:04.257 [TestNG-method=testDeleteUser-1] petStoreAutomation - User will deleted
[WARN ] 2025-03-01 14:38:04.871 [TestNG-method=testDeleteUser-1] petStoreAutomation - User will deleted
[WARN ] 2025-03-01 14:38:05.444 [TestNG-method=testDeleteUser-1] petStoreAutomation - User will deleted
[WARN ] 2025-03-01 14:38:06.059 [TestNG-method=testDeleteUser-1] petStoreAutomation - User will deleted
[WARN ] 2025-03-01 14:38:06.646 [TestNG-method=testDeleteUser-1] petStoreAutomation - User will deleted
[WARN ] 2025-03-01 14:38:07.264 [TestNG-method=testDeleteUser-1] petStoreAutomation - User will deleted
[INFO ] 2025-03-01 14:38:07.849 [TestNG-method=testGetInventory-1] petStoreAutomation - Get Inventory executed
[INFO ] 2025-03-01 14:38:08.459 [TestNG-method=testGetInventory-1] petStoreAutomation - Get Inventory executed
[INFO ] 2025-03-01 14:38:09.037 [TestNG-method=testGetInventory-1] petStoreAutomation - Get Inventory executed
[INFO ] 2025-03-01 14:38:09.661 [TestNG-method=testGetInventory-1] petStoreAutomation - Get Inventory executed
[INFO ] 2025-03-01 14:38:10.244 [TestNG-method=testGetInventory-1] petStoreAutomation - Get Inventory executed
[INFO ] 2025-03-01 14:38:10.845 [TestNG-method=testGetInventory-1] petStoreAutomation - Get Inventory executed
[INFO ] 2025-03-01 14:38:11.414 [TestNG-method=testGetInventory-1] petStoreAutomation - Get Inventory executed
[INFO ] 2025-03-01 14:38:11.992 [TestNG-method=testGetInventory-1] petStoreAutomation - Get Inventory executed
[INFO ] 2025-03-01 14:38:12.601 [TestNG-method=testGetInventory-1] petStoreAutomation - Get Inventory executed
[INFO ] 2025-03-01 14:38:13.175 [TestNG-method=testGetInventory-1] petStoreAutomation - Get Inventory executed
[INFO ] 2025-03-01 14:38:13.760 [TestNG-method=testCreateOrder-1] petStoreAutomation - Create Order executed
[INFO ] 2025-03-01 14:38:14.339 [TestNG-method=testCreateOrder-1] petStoreAutomation - Create Order executed
[INFO ] 2025-03-01 14:38:14.921 [TestNG-method=testCreateOrder-1] petStoreAutomation - Create Order executed
[INFO ] 2025-03-01 14:38:15.510 [TestNG-method=testCreateOrder-1] petStoreAutomation - Create Order executed
[INFO ] 2025-03-01 14:38:16.122 [TestNG-method=testCreateOrder-1] petStoreAutomation - Create Order executed
[INFO ] 2025-03-01 14:38:16.703 [TestNG-method=testCreateOrder-1] petStoreAutomation - Create Order executed
[INFO ] 2025-03-01 14:38:17.316 [TestNG-method=testCreateOrder-1] petStoreAutomation - Create Order executed
[INFO ] 2025-03-01 14:38:17.900 [TestNG-method=testCreateOrder-1] petStoreAutomation - Create Order executed
[INFO ] 2025-03-01 14:38:18.509 [TestNG-method=testCreateOrder-1] petStoreAutomation - Create Order executed
[INFO ] 2025-03-01 14:38:19.094 [TestNG-method=testCreateOrder-1] petStoreAutomation - Create Order executed
[INFO ] 2025-03-01 14:38:24.468 [TestNG-method=testGetOrder-1] petStoreAutomation - Fetch Order executed
[INFO ] 2025-03-01 14:38:31.140 [TestNG-method=testDeleteOrder-1] petStoreAutomation - Delete Order executed
[INFO ] 2025-03-01 14:39:41.685 [main] petStoreAutomation - Create User executed
[INFO ] 2025-03-01 14:40:38.417 [main] petStoreAutomation - Create User executed
[INFO ] 2025-03-01 14:40:39.034 [main] petStoreAutomation - Create User executed
[INFO ] 2025-03-01 14:40:39.612 [main] petStoreAutomation - Create User executed
[INFO ] 2025-03-01 14:40:40.233 [main] petStoreAutomation - Create User executed
[INFO ] 2025-03-01 14:40:40.815 [main] petStoreAutomation - Create User executed
[INFO ] 2025-03-01 14:40:41.428 [main] petStoreAutomation - Create User executed
[INFO ] 2025-03-01 14:40:42.013 [main] petStoreAutomation - Create User executed
[INFO ] 2025-03-01 14:40:42.632 [main] petStoreAutomation - Create User executed
[INFO ] 2025-03-01 14:40:43.226 [main] petStoreAutomation - Create User executed
[INFO ] 2025-03-01 14:40:43.840 [main] petStoreAutomation - Create User executed
[INFO ] 2025-03-01 14:40:44.421 [main] petStoreAutomation - Create User executed
[INFO ] 2025-03-01 14:40:45.040 [main] petStoreAutomation - Create User executed
[INFO ] 2025-03-01 14:40:45.633 [main] petStoreAutomation - Create User executed
[INFO ] 2025-03-01 14:40:46.254 [main] petStoreAutomation - Create User executed
[INFO ] 2025-03-01 14:40:46.836 [main] petStoreAutomation - Create User executed
[INFO ] 2025-03-01 14:40:47.449 [main] petStoreAutomation - Create User executed
[INFO ] 2025-03-01 14:40:48.042 [main] petStoreAutomation - Create User executed
[INFO ] 2025-03-01 14:40:49.291 [main] petStoreAutomation - Create User executed
[INFO ] 2025-03-01 14:40:50.665 [main] petStoreAutomation - Create User executed
[INFO ] 2025-03-01 14:40:51.442 [main] petStoreAutomation - Create User executed
[INFO ] 2025-03-01 14:40:52.265 [main] petStoreAutomation - Create User executed
[INFO ] 2025-03-01 14:40:52.879 [main] petStoreAutomation - Create User executed
[INFO ] 2025-03-01 14:40:53.457 [main] petStoreAutomation - Create User executed
[INFO ] 2025-03-01 14:40:54.035 [main] petStoreAutomation - Create User executed
[INFO ] 2025-03-01 14:40:54.616 [main] petStoreAutomation - Create User executed
[INFO ] 2025-03-01 14:40:55.230 [main] petStoreAutomation - Create User executed
[INFO ] 2025-03-01 14:40:55.806 [main] petStoreAutomation - Create User executed
[INFO ] 2025-03-01 14:40:56.389 [main] petStoreAutomation - Create User executed
[INFO ] 2025-03-01 14:40:56.971 [main] petStoreAutomation - Create User executed
[INFO ] 2025-03-01 14:40:57.554 [main] petStoreAutomation - Create User executed
[INFO ] 2025-03-01 14:40:58.132 [main] petStoreAutomation - Create User executed
[INFO ] 2025-03-01 14:40:58.749 [main] petStoreAutomation - Create User executed
[INFO ] 2025-03-01 14:40:59.331 [main] petStoreAutomation - Create User executed
[INFO ] 2025-03-01 14:40:59.908 [main] petStoreAutomation - Create User executed
[INFO ] 2025-03-01 14:41:00.555 [main] petStoreAutomation - Create User executed
[INFO ] 2025-03-01 14:41:01.162 [main] petStoreAutomation - Create User executed
[INFO ] 2025-03-01 14:41:01.735 [main] petStoreAutomation - Create User executed
[INFO ] 2025-03-01 14:41:02.342 [main] petStoreAutomation - Create User executed
[INFO ] 2025-03-01 14:41:02.924 [main] petStoreAutomation - Create User executed
[INFO ] 2025-03-01 14:41:03.533 [main] petStoreAutomation - Create User executed
[INFO ] 2025-03-01 14:41:04.111 [main] petStoreAutomation - Create User executed
[INFO ] 2025-03-01 14:41:04.692 [main] petStoreAutomation - Create User executed
[INFO ] 2025-03-01 14:41:05.273 [main] petStoreAutomation - Create User executed
[INFO ] 2025-03-01 14:41:05.890 [main] petStoreAutomation - Create User executed
[INFO ] 2025-03-01 14:41:06.465 [main] petStoreAutomation - Create User executed
[INFO ] 2025-03-01 14:41:07.072 [main] petStoreAutomation - Create User executed
[INFO ] 2025-03-01 14:41:07.649 [main] petStoreAutomation - Create User executed
[INFO ] 2025-03-01 14:41:08.266 [main] petStoreAutomation - Create User executed
[INFO ] 2025-03-01 14:41:08.881 [main] petStoreAutomation - Create User executed
[INFO ] 2025-03-01 14:41:09.461 [main] petStoreAutomation - Create User executed
[INFO ] 2025-03-01 14:42:35.480 [TestNG-method=testCreateUser-1] petStoreAutomation - Create User executed
[INFO ] 2025-03-01 14:42:36.096 [TestNG-method=testCreateUser-1] petStoreAutomation - Create User executed
[INFO ] 2025-03-01 14:42:36.687 [TestNG-method=testCreateUser-1] petStoreAutomation - Create User executed
[INFO ] 2025-03-01 14:42:37.268 [TestNG-method=testCreateUser-1] petStoreAutomation - Create User executed
[INFO ] 2025-03-01 14:42:38.366 [TestNG-method=testCreateUser-1] petStoreAutomation - Create User executed
[INFO ] 2025-03-01 14:42:38.955 [TestNG-method=testCreateUser-1] petStoreAutomation - Create User executed
[INFO ] 2025-03-01 14:42:39.572 [TestNG-method=testCreateUser-1] petStoreAutomation - Create User executed
[INFO ] 2025-03-01 14:42:40.160 [TestNG-method=testCreateUser-1] petStoreAutomation - Create User executed
[INFO ] 2025-03-01 14:42:40.782 [TestNG-method=testCreateUser-1] petStoreAutomation - Create User executed
[INFO ] 2025-03-01 14:42:41.402 [TestNG-method=testGetUser-1] petStoreAutomation - Get User executed
[INFO ] 2025-03-01 14:42:42.000 [TestNG-method=testGetUser-1] petStoreAutomation - Get User executed
[INFO ] 2025-03-01 14:42:42.618 [TestNG-method=testGetUser-1] petStoreAutomation - Get User executed
[INFO ] 2025-03-01 14:42:43.233 [TestNG-method=testGetUser-1] petStoreAutomation - Get User executed
[INFO ] 2025-03-01 14:42:43.818 [TestNG-method=testGetUser-1] petStoreAutomation - Get User executed
[INFO ] 2025-03-01 14:42:44.405 [TestNG-method=testGetUser-1] petStoreAutomation - Get User executed
[INFO ] 2025-03-01 14:42:44.998 [TestNG-method=testGetUser-1] petStoreAutomation - Get User executed
[INFO ] 2025-03-01 14:42:45.619 [TestNG-method=testGetUser-1] petStoreAutomation - Get User executed
[INFO ] 2025-03-01 14:42:46.203 [TestNG-method=testGetUser-1] petStoreAutomation - Get User executed
[INFO ] 2025-03-01 14:42:46.831 [TestNG-method=testUpdateUser-1] petStoreAutomation - Update User executed
[INFO ] 2025-03-01 14:42:47.413 [TestNG-method=testUpdateUser-1] petStoreAutomation - Update User executed
[INFO ] 2025-03-01 14:42:48.030 [TestNG-method=testUpdateUser-1] petStoreAutomation - Update User executed
[INFO ] 2025-03-01 14:42:48.616 [TestNG-method=testUpdateUser-1] petStoreAutomation - Update User executed
[INFO ] 2025-03-01 14:42:49.239 [TestNG-method=testUpdateUser-1] petStoreAutomation - Update User executed
[INFO ] 2025-03-01 14:42:49.828 [TestNG-method=testUpdateUser-1] petStoreAutomation - Update User executed
[INFO ] 2025-03-01 14:42:50.798 [TestNG-method=testUpdateUser-1] petStoreAutomation - Update User executed
[INFO ] 2025-03-01 14:42:51.382 [TestNG-method=testUpdateUser-1] petStoreAutomation - Update User executed
[INFO ] 2025-03-01 14:42:52.066 [TestNG-method=testUpdateUser-1] petStoreAutomation - Update User executed
[WARN ] 2025-03-01 14:42:52.650 [TestNG-method=testDeleteUser-1] petStoreAutomation - User will deleted
[WARN ] 2025-03-01 14:42:53.612 [TestNG-method=testDeleteUser-1] petStoreAutomation - User will deleted
[WARN ] 2025-03-01 14:42:54.197 [TestNG-method=testDeleteUser-1] petStoreAutomation - User will deleted
[WARN ] 2025-03-01 14:42:54.798 [TestNG-method=testDeleteUser-1] petStoreAutomation - User will deleted
[WARN ] 2025-03-01 14:42:56.106 [TestNG-method=testDeleteUser-1] petStoreAutomation - User will deleted
[WARN ] 2025-03-01 14:42:56.713 [TestNG-method=testDeleteUser-1] petStoreAutomation - User will deleted
[WARN ] 2025-03-01 14:42:57.294 [TestNG-method=testDeleteUser-1] petStoreAutomation - User will deleted
[WARN ] 2025-03-01 14:42:57.883 [TestNG-method=testDeleteUser-1] petStoreAutomation - User will deleted
[WARN ] 2025-03-01 14:42:58.461 [TestNG-method=testDeleteUser-1] petStoreAutomation - User will deleted
[INFO ] 2025-03-01 14:42:59.082 [TestNG-method=testGetInventory-1] petStoreAutomation - Get Inventory executed
[INFO ] 2025-03-01 14:42:59.987 [TestNG-method=testGetInventory-1] petStoreAutomation - Get Inventory executed
[INFO ] 2025-03-01 14:43:00.568 [TestNG-method=testGetInventory-1] petStoreAutomation - Get Inventory executed
[INFO ] 2025-03-01 14:43:01.154 [TestNG-method=testGetInventory-1] petStoreAutomation - Get Inventory executed
[INFO ] 2025-03-01 14:43:02.127 [TestNG-method=testGetInventory-1] petStoreAutomation - Get Inventory executed
[INFO ] 2025-03-01 14:43:02.722 [TestNG-method=testGetInventory-1] petStoreAutomation - Get Inventory executed
[INFO ] 2025-03-01 14:43:03.346 [TestNG-method=testGetInventory-1] petStoreAutomation - Get Inventory executed
[INFO ] 2025-03-01 14:43:03.930 [TestNG-method=testGetInventory-1] petStoreAutomation - Get Inventory executed
[INFO ] 2025-03-01 14:43:04.550 [TestNG-method=testCreateOrder-1] petStoreAutomation - Create Order executed
[INFO ] 2025-03-01 14:43:05.136 [TestNG-method=testCreateOrder-1] petStoreAutomation - Create Order executed
[INFO ] 2025-03-01 14:43:05.715 [TestNG-method=testCreateOrder-1] petStoreAutomation - Create Order executed
[INFO ] 2025-03-01 14:43:06.362 [TestNG-method=testCreateOrder-1] petStoreAutomation - Create Order executed
[INFO ] 2025-03-01 14:43:06.946 [TestNG-method=testCreateOrder-1] petStoreAutomation - Create Order executed
[INFO ] 2025-03-01 14:43:07.565 [TestNG-method=testCreateOrder-1] petStoreAutomation - Create Order executed
[INFO ] 2025-03-01 14:43:08.150 [TestNG-method=testCreateOrder-1] petStoreAutomation - Create Order executed
[INFO ] 2025-03-01 14:43:08.763 [TestNG-method=testCreateOrder-1] petStoreAutomation - Create Order executed
